C51 COMPILER V9.01   CALCULATE                                                             08/12/2018 22:02:29 PAGE 1   


C51 COMPILER V9.01, COMPILATION OF MODULE CALCULATE
OBJECT MODULE PLACED IN calculate.obj
COMPILER INVOKED BY: D:\keil4\C51\BIN\C51.EXE code\my\calculate.c BROWSE INCDIR(.\code;.\code\my) DEBUG OBJECTEXTEND PRI
                    -NT(.\calculate.lst) OBJECT(calculate.obj)

line level    source

   1          #include "calculate.h"
   2          
   3          
   4          
   5          Time time;                //时间
   6          Time *ptime=&time;
   7          
   8          Time settime;             //设置时间
   9          Time *psettime=&settime;
  10          
  11          Time naotime;             //闹钟时间
  12          Time *pnaotime=&naotime;
  13          
  14          uchar duan[8]={0,1,2,3,4,5,6,7};
  15          uchar set[8]={0,1,2,3,4,5,6,7};
  16          uchar zset[8]={0,1,2,3,4,5,17,17};
  17          uchar *pzset=zset;
  18          uchar *pduan=duan;
  19          uchar *pset=set;
  20          
  21          uint s=0;                       /*时间计数*/
  22          
  23          uchar  naozhongflag=1;  //闹钟开启标志位
  24          uchar  setnaozhong=0;   //设置闹钟标志位
  25          uchar  setshijian=0;    //设置时间标志位
  26          
  27          void nicunshuzu(uchar * pZC,uchar * pSET)
  28          {
  29   1              *pSET=*pZC;
  30   1              *(pSET + 1)=*(pZC + 1);
  31   1              *(pSET + 2)=*(pZC + 2);
  32   1              *(pSET + 3)=*(pZC + 3);
  33   1              *(pSET + 4)=*(pZC + 4);
  34   1              *(pSET + 5)=*(pZC + 5);
  35   1              *(pSET + 6)=17;
  36   1              *(pSET + 7)=17;
  37   1      }
  38          
  39          void nicun(Time * pTI, uchar *pDU)
  40          {
  41   1              pTI->miao = (*pDU) + (*(pDU + 1)) * 10;
  42   1              pTI->fen = (*(pDU + 2)) + (*(pDU + 3)) * 10;
  43   1              pTI->shi = (*(pDU + 4)) + (*(pDU + 5)) * 10;
  44   1      }
  45          
  46          void jinwei()
  47          { 
  48   1              if(time.miao>=60)
  49   1              {
  50   2                      time.fen++;
  51   2                      time.miao=0;
  52   2              }
  53   1              if(time.fen>=60)
  54   1              {
C51 COMPILER V9.01   CALCULATE                                                             08/12/2018 22:02:29 PAGE 2   

  55   2                      time.shi++;
  56   2                      time.fen=0;
  57   2              }
  58   1              if(time.shi>=24)
  59   1              {
  60   2                      time.shi=0;
  61   2              }
  62   1      }
  63          
  64          void zhuancun(Time * pTIME,uchar *pDUAN)
  65          {
  66   1              *pDUAN=pTIME->miao%10;
  67   1              *(pDUAN + 1) = pTIME->miao / 10;
  68   1              *(pDUAN + 2) = pTIME->fen % 10;
  69   1              *(pDUAN + 3) = pTIME->fen / 10;
  70   1              *(pDUAN + 4) = pTIME->shi % 10;
  71   1              *(pDUAN + 5) = pTIME->shi / 10;
  72   1              *(pDUAN + 6) = 17;
  73   1              if(naozhongflag==1)
  74   1                      *(pDUAN + 7) = 1;
  75   1              if(naozhongflag==0)
  76   1                      *(pDUAN + 7) = 0;
  77   1      }
  78          


MODULE INFORMATION:   STATIC OVERLAYABLE
   CODE SIZE        =    493    ----
   CONSTANT SIZE    =   ----    ----
   XDATA SIZE       =   ----    ----
   PDATA SIZE       =   ----    ----
   DATA SIZE        =     56      18
   IDATA SIZE       =   ----    ----
   BIT SIZE         =   ----    ----
END OF MODULE INFORMATION.


C51 COMPILATION COMPLETE.  0 WARNING(S),  0 ERROR(S)
