C51 COMPILER V9.01   DISPLAY                                                               08/12/2018 22:02:29 PAGE 1   


C51 COMPILER V9.01, COMPILATION OF MODULE DISPLAY
OBJECT MODULE PLACED IN display.obj
COMPILER INVOKED BY: D:\keil4\C51\BIN\C51.EXE code\my\display.c BROWSE INCDIR(.\code;.\code\my) DEBUG OBJECTEXTEND PRINT
                    -(.\display.lst) OBJECT(display.obj)

line level    source

   1          #include"display.h"
   2          
   3          sbit dx=P2^0;
   4          sbit wx=P2^1;
   5          
   6          uchar code shu[]={               //数码管显示数组
   7                  0x3f,0x06,0x5b,0x4f,
   8                  0x66,0x6d,0x7d,0x07,
   9                  0x7f,0x6f,0x77,0x7c,
  10                  0x39,0x5e,0x79,0x71,
  11                  0x80,0x00};//点，空
  12          uchar code wei[]={0x7f,0xbf,0xdf,0xef,0xf7,0xfb,0xfd,0xfe};
  13          
  14          uint t=0;                       /*延时计数*/
  15          uchar w=0;                      /*扫描循环*/
  16          
  17          uchar flash=0;          /*闪烁标志位*/
  18          uint flashtime=0;       /*闪烁延时*/
  19          char flashwei=5;        /*闪烁位*/
  20          
  21          void display(uchar *psss)
  22          {
  23   1      
  24   1                      if(t==5)
  25   1                      {
  26   2                              seg=xx;
  27   2                              wx=1;
  28   2                              seg=wei[w];
  29   2                              wx=0;
  30   2                              if(w==2||w==4)
  31   2                              {
  32   3                                      dx=1;
  33   3                                      seg=shu[*(psss+w)]|shu[16];
  34   3                                      dx=0;
  35   3                              }
  36   2                              else
  37   2                              {
  38   3                                      dx=1;
  39   3                                      seg=shu[*(psss+w)];
  40   3                                      dx=0;
  41   3                              }
  42   2                              w++;
  43   2                              if(w>=8)w=0;
  44   2                              t=0;
  45   2                      }
  46   1              
  47   1              
  48   1      }
  49          
  50          void display_flash(uchar *pss)
  51          {
  52   1              if(flash==1)
  53   1              {
  54   2                      if(flashtime>=500&&flashtime<1000)
C51 COMPILER V9.01   DISPLAY                                                               08/12/2018 22:02:29 PAGE 2   

  55   2                      {
  56   3                              *(pss+flashwei)=17;
  57   3                      }
  58   2                      if(flashtime>999)
  59   2                      {
  60   3                              flashtime=0;
  61   3                      }
  62   2              }
  63   1              else flashtime=0;
  64   1      }
  65          


MODULE INFORMATION:   STATIC OVERLAYABLE
   CODE SIZE        =    175    ----
   CONSTANT SIZE    =     26    ----
   XDATA SIZE       =   ----    ----
   PDATA SIZE       =   ----    ----
   DATA SIZE        =      7       3
   IDATA SIZE       =   ----    ----
   BIT SIZE         =   ----    ----
END OF MODULE INFORMATION.


C51 COMPILATION COMPLETE.  0 WARNING(S),  0 ERROR(S)
