C51 COMPILER V9.01   INTERRUPT                                                             08/12/2018 22:02:28 PAGE 1   


C51 COMPILER V9.01, COMPILATION OF MODULE INTERRUPT
OBJECT MODULE PLACED IN interrupt.obj
COMPILER INVOKED BY: D:\keil4\C51\BIN\C51.EXE code\my\interrupt.c BROWSE INCDIR(.\code;.\code\my) DEBUG OBJECTEXTEND PRI
                    -NT(.\interrupt.lst) OBJECT(interrupt.obj)

line level    source

   1          #include"interrupt.h" 
   2          
   3          
   4          
   5          void ZD()
   6          {
   7   1              TMOD=0x01;                                //定时器0工作在方式1
   8   1              TH0=(65536-1000)/256;           //装初值，1ms
   9   1              TL0=(65536-1000)%256;
  10   1              EA=1;                  //总中断允许
  11   1              ET0=1;                 //T0中断允许
  12   1              TR0=1;                 //开定时器0
  13   1      }
  14          
  15          
  16          void dingshiqi1() interrupt 1     //中断函数
  17          {
  18   1              TH0=(65536-1000)/256;                //重新装初值
  19   1          TL0=(65536-1000)%256;
  20   1          t++;
  21   1          s++;
  22   1          flashtime++;
  23   1          if(s==1000)
  24   1          {
  25   2              time.miao++;
  26   2              s=0;
  27   2          }
  28   1      }
  29          


MODULE INFORMATION:   STATIC OVERLAYABLE
   CODE SIZE        =     73    ----
   CONSTANT SIZE    =   ----    ----
   XDATA SIZE       =   ----    ----
   PDATA SIZE       =   ----    ----
   DATA SIZE        =   ----    ----
   IDATA SIZE       =   ----    ----
   BIT SIZE         =   ----    ----
END OF MODULE INFORMATION.


C51 COMPILATION COMPLETE.  0 WARNING(S),  0 ERROR(S)
